<?xml version="1.0" encoding="UTF-8"?>
<!-- Generated by org.testng.reporters.JUnitReportReporter -->
<testsuite hostname="Sarvgun15" failures="0" tests="1" name="test.Usertest" time="3.369" errors="0" timestamp="2024-07-26T13:40:29 MDT" skipped="0">
  <testcase classname="test.Usertest" name="testUpdateUser" time="3.369"/>
</testsuite> <!-- test.Usertest -->
