<?xml version="1.0" encoding="UTF-8"?>
<!-- Generated by org.testng.reporters.JUnitReportReporter -->
<testsuite hostname="Poonam" failures="0" tests="1" name="apitesting.Firsttest" time="1.518" errors="0" timestamp="2024-07-25T13:37:37 CDT" skipped="0">
  <testcase classname="apitesting.Firsttest" name="newtest" time="1.518"/>
  <system-out/>
</testsuite> <!-- apitesting.Firsttest -->
